[Mon Jan  1 22:33:50 2018] [INF]   [main.c:189] send inf:
 { "state": 0, "inf": "ok", "data": [ "6506090462267318036" ] }
[Mon Jan  1 22:34:15 2018] [INF]   [main.c:189] send inf:
 { "state": 0, "inf": "ok", "data": [ "6506090569641500437", "6506090569641565974", "6506090569641631510", "6506090569641697047", "6506090569641762582", "6506090569641828119", "6506090569641893655", "6506090569641959192", "6506090569642024726", "6506090569642090263", "6506090569642155799", "6506090569642221336" ] }
[Mon Jan  1 22:37:11 2018] [INF]   [main.c:189] send inf:
 { "state": -3, "inf": "Http num is not rigth", "data": [ ] }
[Mon Jan  1 23:04:33 2018] [INF]   [main.c:191] send inf:
 { "state": 0, "inf": "ok", "data": [ "6506098377892044561", "6506098377892110098", "6506098377892175634", "6506098377892241171", "6506098377892306706", "6506098377892372243", "6506098377892437779", "6506098377892503316", "6506098377892568850", "6506098377892634387", "6506098377892699923", "6506098377892765460" ] }
[Mon Jan  1 23:04:40 2018] [INF]   [main.c:191] send inf:
 { "state": -2, "inf": "Http type is not right", "data": [ ] }
[Tue Jan  2 22:10:23 2018] [INF]   [main.c:217] port is 8001
[Tue Jan  2 22:10:23 2018] [INF]   [main.c:224] uri is /iddata
[Tue Jan  2 22:11:57 2018] [INF]   [main.c:191] send inf:
 { "state": -2, "inf": "Http type is not right", "data": [ ] }
[Tue Jan  2 22:12:04 2018] [INF]   [main.c:191] send inf:
 { "state": 0, "inf": "ok", "data": [ "6506455938214396432", "6506455938214461969", "6506455938214527505", "6506455938214593042", "6506455938214658577", "6506455938214724114", "6506455938214789650", "6506455938214855187", "6506455938214920721", "6506455938214986258", "6506455938215051794", "6506455938215117331" ] }
[Tue Jan  2 23:00:39 2018] [INF]   [main.c:217] port is 8001
[Tue Jan  2 23:00:39 2018] [INF]   [main.c:224] uri is /iddata
[Tue Jan  2 23:04:01 2018] [INF]   [main.c:220] port is 8001
[Tue Jan  2 23:04:01 2018] [INF]   [main.c:227] uri is /iddata
[Tue Jan  2 23:04:01 2018] [INF]   [main.c:433] pidpath is ./my.pid
[Tue Jan  2 23:05:14 2018] [INF]   [main.c:220] port is 8001
[Tue Jan  2 23:05:14 2018] [INF]   [main.c:227] uri is /iddata
[Tue Jan  2 23:05:14 2018] [INF]   [main.c:433] pidpath is ./my.pid
[Wed Jan  3 21:04:32 2018] [INF]   [main.c:220] port is 8001
[Wed Jan  3 21:04:32 2018] [INF]   [main.c:227] uri is /iddata
[Wed Jan  3 21:04:32 2018] [INF]   [main.c:433] pidpath is ./my.pid
[Wed Jan  3 21:05:26 2018] [INF]   [main.c:220] port is 8002
[Wed Jan  3 21:05:26 2018] [INF]   [main.c:227] uri is /iddata
[Wed Jan  3 21:05:26 2018] [INF]   [main.c:433] pidpath is ./my.pid
[Wed Jan  3 22:17:49 2018] [INF]   [main.c:221] port is 8002
[Wed Jan  3 22:17:50 2018] [INF]   [main.c:228] uri is /iddata
[Wed Jan  3 22:17:50 2018] [INF]   [main.c:495] pidpath is ./my.pid
[Wed Jan  3 22:29:31 2018] [INF]   [main.c:221] port is 8002
[Wed Jan  3 22:29:31 2018] [INF]   [main.c:228] uri is /iddata
[Wed Jan  3 22:29:31 2018] [INF]   [main.c:495] pidpath is ./my.pid
[Wed Jan  3 22:30:59 2018] [INF]   [main.c:221] port is 8002
[Wed Jan  3 22:30:59 2018] [INF]   [main.c:228] uri is /iddata
[Wed Jan  3 22:30:59 2018] [INF]   [main.c:495] pidpath is ./my.pid
[Wed Jan  3 22:35:00 2018] [INF]   [main.c:221] port is 8002
[Wed Jan  3 22:35:00 2018] [INF]   [main.c:228] uri is /iddata
[Wed Jan  3 22:35:00 2018] [INF]   [main.c:497] pidpath is ./my.pid
[Wed Jan  3 22:40:49 2018] [INF]   [main.c:221] port is 8002
[Wed Jan  3 22:40:49 2018] [INF]   [main.c:228] uri is /iddata
[Wed Jan  3 22:40:49 2018] [INF]   [main.c:498] pidpath is ./my.pid
[Wed Jan  3 22:45:43 2018] [INF]   [main.c:221] port is 8002
[Wed Jan  3 22:45:43 2018] [INF]   [main.c:228] uri is /iddata
[Wed Jan  3 22:45:43 2018] [INF]   [main.c:498] pidpath is ./my.pid
[Wed Jan  3 23:06:21 2018] [INF]   [main.c:221] port is 8002
[Wed Jan  3 23:06:21 2018] [INF]   [main.c:228] uri is /iddata
[Wed Jan  3 23:06:21 2018] [INF]   [main.c:502] pidpath is ./my.pid
[Wed Jan  3 23:08:06 2018] [INF]   [main.c:221] port is 8002
[Wed Jan  3 23:08:06 2018] [INF]   [main.c:228] uri is /iddata
[Wed Jan  3 23:08:06 2018] [INF]   [main.c:496] pidpath is ./my.pid
